<?xml version="1.0" encoding="UTF-8"?>
<testng-results skipped="0" failed="0" ignored="0" total="2" passed="2">
  <reporter-output>
  </reporter-output>
  <suite name="Default suite" duration-ms="430" started-at="2018-06-15T20:13:57Z" finished-at="2018-06-15T20:13:58Z">
    <groups>
    </groups>
    <test name="Default test" duration-ms="430" started-at="2018-06-15T20:13:57Z" finished-at="2018-06-15T20:13:58Z">
      <class name="info.jtoledo.compiler.CompilerTest">
        <test-method status="PASS" signature="createTempDir()[pri:0, instance:info.jtoledo.compiler.CompilerTest@51565ec2]" name="createTempDir" is-config="true" duration-ms="4" started-at="2018-06-15T20:13:57Z" finished-at="2018-06-15T20:13:57Z">
          <reporter-output>
          </reporter-output>
        </test-method> <!-- createTempDir -->
        <test-method status="PASS" signature="runningCode_outputsExpectedText(java.lang.String, java.lang.String)[pri:0, instance:info.jtoledo.compiler.CompilerTest@51565ec2]" name="runningCode_outputsExpectedText" duration-ms="237" started-at="2018-06-15T20:13:57Z" data-provider="provide_code_expectedText" finished-at="2018-06-15T20:13:58Z">
          <params>
            <param index="0">
              <value>
                <![CDATA[1+2]]>
              </value>
            </param>
            <param index="1">
              <value>
                <![CDATA[3
]]>
              </value>
            </param>
          </params>
          <reporter-output>
          </reporter-output>
        </test-method> <!-- runningCode_outputsExpectedText -->
        <test-method status="PASS" signature="deleteTempDir()[pri:0, instance:info.jtoledo.compiler.CompilerTest@51565ec2]" name="deleteTempDir" is-config="true" duration-ms="1" started-at="2018-06-15T20:13:58Z" finished-at="2018-06-15T20:13:58Z">
          <reporter-output>
          </reporter-output>
        </test-method> <!-- deleteTempDir -->
        <test-method status="PASS" signature="createTempDir()[pri:0, instance:info.jtoledo.compiler.CompilerTest@51565ec2]" name="createTempDir" is-config="true" duration-ms="0" started-at="2018-06-15T20:13:58Z" finished-at="2018-06-15T20:13:58Z">
          <reporter-output>
          </reporter-output>
        </test-method> <!-- createTempDir -->
        <test-method status="PASS" signature="runningCode_outputsExpectedText(java.lang.String, java.lang.String)[pri:0, instance:info.jtoledo.compiler.CompilerTest@51565ec2]" name="runningCode_outputsExpectedText" duration-ms="161" started-at="2018-06-15T20:13:58Z" data-provider="provide_code_expectedText" finished-at="2018-06-15T20:13:58Z">
          <params>
            <param index="0">
              <value>
                <![CDATA[1+2+42]]>
              </value>
            </param>
            <param index="1">
              <value>
                <![CDATA[45
]]>
              </value>
            </param>
          </params>
          <reporter-output>
          </reporter-output>
        </test-method> <!-- runningCode_outputsExpectedText -->
        <test-method status="PASS" signature="deleteTempDir()[pri:0, instance:info.jtoledo.compiler.CompilerTest@51565ec2]" name="deleteTempDir" is-config="true" duration-ms="1" started-at="2018-06-15T20:13:58Z" finished-at="2018-06-15T20:13:58Z">
          <reporter-output>
          </reporter-output>
        </test-method> <!-- deleteTempDir -->
      </class> <!-- info.jtoledo.compiler.CompilerTest -->
    </test> <!-- Default test -->
  </suite> <!-- Default suite -->
</testng-results>
