<?xml version="1.0" encoding="UTF-8"?>
<!-- Generated by org.testng.reporters.JUnitXMLReporter -->
<testsuite hostname="DESKTOP-9TMSHC7" ignored="0" name="Default test" tests="2" failures="0" timestamp="15 jun 2018 20:13:58 GMT" time="0.43" errors="0">
  <testcase name="runningCode_outputsExpectedText" time="0.237" classname="info.jtoledo.compiler.CompilerTest"/>
  <testcase name="runningCode_outputsExpectedText" time="0.161" classname="info.jtoledo.compiler.CompilerTest"/>
</testsuite> <!-- Default test -->
